<?xml version="1.0" encoding="UTF-8"?>
<!-- Generated by org.testng.reporters.JUnitXMLReporter -->
<testsuite ignored="0" hostname="DESKTOP-KHK784A" failures="0" tests="4" name="Booking doctor appointment" time="20.352" errors="0" timestamp="2022-07-24T14:49:22 IST">
  <testcase classname="Automationn.E2EProject.LoginPage" name="sitelogin" time="1.456"/>
  <testcase classname="Automationn.E2EProject.Appointmentpage" name="booking" time="2.38"/>
  <testcase classname="Automationn.E2EProject.Appointmentpage" name="booking" time="1.875"/>
  <testcase classname="Automationn.E2EProject.ValidateBookingPage" name="validate" time="0.506"/>
</testsuite> <!-- Booking doctor appointment -->
