<?xml version="1.0" encoding="UTF-8"?>
<!-- Generated by org.testng.reporters.JUnitXMLReporter -->
<testsuite ignored="0" hostname="INCHCMLP12064" failures="0" tests="3" name="Booking appointment" time="13.341" errors="0" timestamp="2022-07-24T00:20:20 IST">
  <testcase classname="Automationn.E2EProject.LoginPage" name="sitelogin" time="1.099"/>
  <testcase classname="Automationn.E2EProject.Appointmentpage" name="booking" time="1.552"/>
  <testcase classname="Automationn.E2EProject.Appointmentpage" name="booking" time="1.381"/>
</testsuite> <!-- Booking appointment -->
