<?xml version="1.0" encoding="UTF-8"?>
<!-- Generated by org.testng.reporters.JUnitXMLReporter -->
<testsuite ignored="0" hostname="INCHCMLP12064" failures="0" tests="4" name="Validate booking" time="15.162" errors="0" timestamp="2022-07-24T00:20:36 IST">
  <testcase classname="Automationn.E2EProject.LoginPage" name="sitelogin" time="1.002"/>
  <testcase classname="Automationn.E2EProject.Appointmentpage" name="booking" time="1.602"/>
  <testcase classname="Automationn.E2EProject.Appointmentpage" name="booking" time="1.458"/>
  <testcase classname="Automationn.E2EProject.ValidateBookingPage" name="validate" time="0.07"/>
</testsuite> <!-- Validate booking -->
