<?xml version="1.0" encoding="UTF-8"?>
<!-- Generated by org.testng.reporters.JUnitXMLReporter -->
<testsuite ignored="0" hostname="DESKTOP-KHK784A" failures="0" tests="4" name="Booking doctor appointment" time="73.387" errors="0" timestamp="2022-12-29T16:22:13 IST">
  <testcase classname="Automationn.E2EProject.LoginPage" name="sitelogin" time="7.172"/>
  <testcase classname="Automationn.E2EProject.Appointmentpage" name="booking" time="9.039"/>
  <testcase classname="Automationn.E2EProject.Appointmentpage" name="booking" time="2.244"/>
  <testcase classname="Automationn.E2EProject.ValidateBookingPage" name="validate" time="0.741"/>
</testsuite> <!-- Booking doctor appointment -->
