<?xml version="1.0" encoding="UTF-8"?>
<!-- Generated by org.testng.reporters.JUnitXMLReporter -->
<testsuite ignored="0" hostname="DESKTOP-KHK784A" failures="0" tests="4" name="Booking doctor appointment" time="19.792" errors="0" timestamp="2023-01-05T18:28:35 IST">
  <testcase classname="Automationn.E2EProject.LoginPage" name="sitelogin" time="2.06"/>
  <testcase classname="Automationn.E2EProject.Appointmentpage" name="booking" time="2.612"/>
  <testcase classname="Automationn.E2EProject.Appointmentpage" name="booking" time="2.37"/>
  <testcase classname="Automationn.E2EProject.ValidateBookingPage" name="validate" time="0.485"/>
</testsuite> <!-- Booking doctor appointment -->
