<?xml version="1.0" encoding="UTF-8"?>
<testng-results ignored="0" total="4" passed="4" failed="0" skipped="0">
  <reporter-output>
  </reporter-output>
  <suite started-at="2023-01-05T18:28:15 IST" name="Suite" finished-at="2023-01-05T18:28:35 IST" duration-ms="19792">
    <groups>
    </groups>
    <test started-at="2023-01-05T18:28:15 IST" name="Booking doctor appointment" finished-at="2023-01-05T18:28:35 IST" duration-ms="19792">
      <class name="Automationn.E2EProject.ValidateBookingPage">
        <test-method is-config="true" signature="invokebrowser()[pri:0, instance:Automationn.E2EProject.ValidateBookingPage@3f197a46]" started-at="2023-01-05T18:28:15 IST" name="invokebrowser" finished-at="2023-01-05T18:28:27 IST" duration-ms="12099" status="PASS">
          <reporter-output>
          </reporter-output>
        </test-method> <!-- invokebrowser -->
        <test-method signature="sitelogin()[pri:0, instance:Automationn.E2EProject.ValidateBookingPage@3f197a46]" started-at="2023-01-05T18:28:27 IST" name="sitelogin" finished-at="2023-01-05T18:28:29 IST" duration-ms="2060" status="PASS">
          <reporter-output>
          </reporter-output>
        </test-method> <!-- sitelogin -->
        <test-method signature="booking(java.lang.String,java.lang.String)[pri:2, instance:Automationn.E2EProject.ValidateBookingPage@3f197a46]" started-at="2023-01-05T18:28:29 IST" name="booking" data-provider="getData" finished-at="2023-01-05T18:28:32 IST" duration-ms="2612" status="PASS">
          <params>
            <param index="0">
              <value>
                <![CDATA[20/07/2022]]>
              </value>
            </param>
            <param index="1">
              <value>
                <![CDATA[fever]]>
              </value>
            </param>
          </params>
          <reporter-output>
          </reporter-output>
        </test-method> <!-- booking -->
        <test-method signature="booking(java.lang.String,java.lang.String)[pri:2, instance:Automationn.E2EProject.ValidateBookingPage@3f197a46]" started-at="2023-01-05T18:28:32 IST" name="booking" data-provider="getData" finished-at="2023-01-05T18:28:34 IST" duration-ms="2370" status="PASS">
          <params>
            <param index="0">
              <value>
                <![CDATA[21/07/2022]]>
              </value>
            </param>
            <param index="1">
              <value>
                <![CDATA[cough]]>
              </value>
            </param>
          </params>
          <reporter-output>
          </reporter-output>
        </test-method> <!-- booking -->
        <test-method signature="validate()[pri:3, instance:Automationn.E2EProject.ValidateBookingPage@3f197a46]" started-at="2023-01-05T18:28:34 IST" name="validate" finished-at="2023-01-05T18:28:35 IST" duration-ms="485" status="PASS">
          <reporter-output>
          </reporter-output>
        </test-method> <!-- validate -->
      </class> <!-- Automationn.E2EProject.ValidateBookingPage -->
    </test> <!-- Booking doctor appointment -->
  </suite> <!-- Suite -->
</testng-results>
